#
# There is insufficient memory for the Java Runtime Environment to continue.
# Native memory allocation (malloc) failed to allocate 1156512 bytes for Chunk::new
# Possible reasons:
#   The system is out of physical RAM or swap space
#   The process is running with CompressedOops enabled, and the Java Heap may be blocking the growth of the native heap
# Possible solutions:
#   Reduce memory load on the system
#   Increase physical memory or swap space
#   Check if swap backing store is full
#   Decrease Java heap size (-Xmx/-Xms)
#   Decrease number of Java threads
#   Decrease Java thread stack sizes (-Xss)
#   Set larger code cache with -XX:ReservedCodeCacheSize=
#   JVM is running with Unscaled Compressed Oops mode in which the Java heap is
#     placed in the first 4GB address space. The Java Heap base address is the
#     maximum limit for the native heap growth. Please use -XX:HeapBaseMinAddress
#     to set the Java Heap base and to place the Java Heap above 4GB virtual address.
# This output file may be truncated or incomplete.
#
#  Out of Memory Error (arena.cpp:189), pid=7028, tid=17204
#
# JRE version: OpenJDK Runtime Environment (17.0.6) (build 17.0.6+0-b2043.56-10027231)
# Java VM: OpenJDK 64-Bit Server VM (17.0.6+0-b2043.56-10027231, mixed mode, tiered, compressed oops, compressed class ptrs, g1 gc, windows-amd64)
# No core dump will be written. Minidumps are not enabled by default on client versions of Windows
#

---------------  S U M M A R Y ------------

Command Line: org.jetbrains.kotlin.cli.jvm.K2JVMCompiler @C:\Users\smols\AndroidStudioProjects\CVApp\app\build\20231206_2075115712477616708.compiler.options

Host: 11th Gen Intel(R) Core(TM) i5-11300H @ 3.10GHz, 8 cores, 7G,  Windows 11 , 64 bit Build 22621 (10.0.22621.2506)
Time: Wed Dec  6 20:47:57 2023 FLE Standard Time elapsed time: 3.639437 seconds (0d 0h 0m 3s)

---------------  T H R E A D  ---------------

Current thread (0x000001dbaf046c30):  JavaThread "C2 CompilerThread0" daemon [_thread_in_native, id=17204, stack(0x0000007ff1d00000,0x0000007ff1e00000)]


Current CompileTask:
C2:   3639 5719   !   4       org.jetbrains.kotlin.metadata.ProtoBuf$ValueParameter::<init> (513 bytes)

Stack: [0x0000007ff1d00000,0x0000007ff1e00000]
Native frames: (J=compiled Java code, j=interpreted, Vv=VM code, C=native code)
V  [jvm.dll+0x683c9a]
V  [jvm.dll+0x8427a4]
V  [jvm.dll+0x843f9e]
V  [jvm.dll+0x844603]
V  [jvm.dll+0x249b75]
V  [jvm.dll+0xabcac]
V  [jvm.dll+0xac27c]
V  [jvm.dll+0x368857]
V  [jvm.dll+0x332f31]
V  [jvm.dll+0x3323da]
V  [jvm.dll+0x21c201]
V  [jvm.dll+0x21b621]
V  [jvm.dll+0x1a4fdd]
V  [jvm.dll+0x22b098]
V  [jvm.dll+0x229159]
V  [jvm.dll+0x7f81ec]
V  [jvm.dll+0x7f274a]
V  [jvm.dll+0x682ad5]
C  [ucrtbase.dll+0x29363]
C  [KERNEL32.DLL+0x1257d]
C  [ntdll.dll+0x5aa58]


---------------  P R O C E S S  ---------------

Threads class SMR info:
_java_thread_list=0x000001dbaf1bd030, length=13, elements={
0x000001db948fc4b0, 0x000001dbaf014270, 0x000001dbaf014e20, 0x000001dbaf04c8d0,
0x000001dbaf04d480, 0x000001dbaf04de30, 0x000001dbaf04e7e0, 0x000001dbaf046c30,
0x000001dbaf0476d0, 0x000001dbaf0480c0, 0x000001dbaf1b9180, 0x000001dbaf1bb660,
0x000001dbaf2b3050
}

Java Threads: ( => current thread )
  0x000001db948fc4b0 JavaThread "main" [_thread_in_Java, id=8924, stack(0x0000007ff0f00000,0x0000007ff1000000)]
  0x000001dbaf014270 JavaThread "Reference Handler" daemon [_thread_blocked, id=4076, stack(0x0000007ff1600000,0x0000007ff1700000)]
  0x000001dbaf014e20 JavaThread "Finalizer" daemon [_thread_blocked, id=13148, stack(0x0000007ff1700000,0x0000007ff1800000)]
  0x000001dbaf04c8d0 JavaThread "Signal Dispatcher" daemon [_thread_blocked, id=5736, stack(0x0000007ff1900000,0x0000007ff1a00000)]
  0x000001dbaf04d480 JavaThread "Attach Listener" daemon [_thread_blocked, id=9388, stack(0x0000007ff1a00000,0x0000007ff1b00000)]
  0x000001dbaf04de30 JavaThread "Service Thread" daemon [_thread_blocked, id=6880, stack(0x0000007ff1b00000,0x0000007ff1c00000)]
  0x000001dbaf04e7e0 JavaThread "Monitor Deflation Thread" daemon [_thread_blocked, id=1428, stack(0x0000007ff1c00000,0x0000007ff1d00000)]
=>0x000001dbaf046c30 JavaThread "C2 CompilerThread0" daemon [_thread_in_native, id=17204, stack(0x0000007ff1d00000,0x0000007ff1e00000)]
  0x000001dbaf0476d0 JavaThread "C1 CompilerThread0" daemon [_thread_in_vm, id=3972, stack(0x0000007ff1e00000,0x0000007ff1f00000)]
  0x000001dbaf0480c0 JavaThread "Sweeper thread" daemon [_thread_blocked, id=5904, stack(0x0000007ff1f00000,0x0000007ff2000000)]
  0x000001dbaf1b9180 JavaThread "Notification Thread" daemon [_thread_blocked, id=17472, stack(0x0000007ff2000000,0x0000007ff2100000)]
  0x000001dbaf1bb660 JavaThread "Common-Cleaner" daemon [_thread_blocked, id=16304, stack(0x0000007ff2200000,0x0000007ff2300000)]
  0x000001dbaf2b3050 JavaThread "C2 CompilerThread1" daemon [_thread_in_native, id=17748, stack(0x0000007ff2300000,0x0000007ff2400000)]

Other Threads:
  0x000001dbae57d940 VMThread "VM Thread" [stack: 0x0000007ff1500000,0x0000007ff1600000] [id=4536]
  0x000001db94974580 WatcherThread [stack: 0x0000007ff2100000,0x0000007ff2200000] [id=11180]
  0x000001db94954cd0 GCTaskThread "GC Thread#0" [stack: 0x0000007ff1000000,0x0000007ff1100000] [id=4304]
  0x000001dbaf733310 GCTaskThread "GC Thread#1" [stack: 0x0000007ff2400000,0x0000007ff2500000] [id=3276]
  0x000001dbaf7335c0 GCTaskThread "GC Thread#2" [stack: 0x0000007ff2500000,0x0000007ff2600000] [id=12832]
  0x000001dbaf73b420 GCTaskThread "GC Thread#3" [stack: 0x0000007ff2600000,0x0000007ff2700000] [id=17224]
  0x000001dbaf81c510 GCTaskThread "GC Thread#4" [stack: 0x0000007ff2700000,0x0000007ff2800000] [id=18068]
  0x000001dbb072be50 GCTaskThread "GC Thread#5" [stack: 0x0000007ff2800000,0x0000007ff2900000] [id=1100]
  0x000001dbb072d120 GCTaskThread "GC Thread#6" [stack: 0x0000007ff2900000,0x0000007ff2a00000] [id=9832]
  0x000001dbb072c100 GCTaskThread "GC Thread#7" [stack: 0x0000007ff2a00000,0x0000007ff2b00000] [id=8100]
  0x000001db94965550 ConcurrentGCThread "G1 Main Marker" [stack: 0x0000007ff1100000,0x0000007ff1200000] [id=3616]
  0x000001db94965f60 ConcurrentGCThread "G1 Conc#0" [stack: 0x0000007ff1200000,0x0000007ff1300000] [id=11932]
  0x000001dbb072c660 ConcurrentGCThread "G1 Conc#1" [stack: 0x0000007ff2b00000,0x0000007ff2c00000] [id=652]
  0x000001dbae3c44c0 ConcurrentGCThread "G1 Refine#0" [stack: 0x0000007ff1300000,0x0000007ff1400000] [id=8500]
  0x000001dbb07c2d00 ConcurrentGCThread "G1 Refine#1" [stack: 0x0000007ff2c00000,0x0000007ff2d00000] [id=1648]
  0x000001dbae3c4df0 ConcurrentGCThread "G1 Service" [stack: 0x0000007ff1400000,0x0000007ff1500000] [id=11852]

Threads with active compile tasks:
C2 CompilerThread0     3648 5719   !   4       org.jetbrains.kotlin.metadata.ProtoBuf$ValueParameter::<init> (513 bytes)
C1 CompilerThread0     3648 5853       3       org.jetbrains.kotlin.resolve.OverrideResolver$CollectErrorInformationForInheritedMembersStrategy::toDeprecationStrategy (13 bytes)
C2 CompilerThread1     3648 5850       4       java.util.ArrayList::addAll (76 bytes)

VM state: not at safepoint (normal execution)

VM Mutex/Monitor currently owned by a thread: None

Heap address: 0x0000000083600000, size: 1994 MB, Compressed Oops mode: 32-bit

CDS archive(s) not mapped
Compressed class space mapped at: 0x0000000100000000-0x0000000140000000, reserved size: 1073741824
Narrow klass base: 0x0000000000000000, Narrow klass shift: 3, Narrow klass range: 0x140000000

GC Precious Log:
 CPUs: 8 total, 8 available
 Memory: 7975M
 Large Page Support: Disabled
 NUMA Support: Disabled
 Compressed Oops: Enabled (32-bit)
 Heap Region Size: 1M
 Heap Min Capacity: 8M
 Heap Initial Capacity: 126M
 Heap Max Capacity: 1994M
 Pre-touch: Disabled
 Parallel Workers: 8
 Concurrent Workers: 2
 Concurrent Refinement Workers: 8
 Periodic GC: Disabled

Heap:
 garbage-first heap   total 98304K, used 60971K [0x0000000083600000, 0x0000000100000000)
  region size 1024K, 23 young (23552K), 4 survivors (4096K)
 Metaspace       used 54843K, committed 55104K, reserved 1097728K
  class space    used 6414K, committed 6528K, reserved 1048576K

Heap Regions: E=young(eden), S=young(survivor), O=old, HS=humongous(starts), HC=humongous(continues), CS=collection set, F=free, OA=open archive, CA=closed archive, TAMS=top-at-mark-start (previous, next)
|   0|0x0000000083600000, 0x0000000083700000, 0x0000000083700000|100%|HS|  |TAMS 0x0000000083700000, 0x0000000083600000| Complete 
|   1|0x0000000083700000, 0x0000000083800000, 0x0000000083800000|100%|HC|  |TAMS 0x0000000083800000, 0x0000000083700000| Complete 
|   2|0x0000000083800000, 0x0000000083900000, 0x0000000083900000|100%|HC|  |TAMS 0x0000000083900000, 0x0000000083800000| Complete 
|   3|0x0000000083900000, 0x0000000083a00000, 0x0000000083a00000|100%|HC|  |TAMS 0x0000000083a00000, 0x0000000083900000| Complete 
|   4|0x0000000083a00000, 0x0000000083b00000, 0x0000000083b00000|100%| O|  |TAMS 0x0000000083b00000, 0x0000000083a00000| Untracked 
|   5|0x0000000083b00000, 0x0000000083c00000, 0x0000000083c00000|100%| O|  |TAMS 0x0000000083c00000, 0x0000000083b00000| Untracked 
|   6|0x0000000083c00000, 0x0000000083d00000, 0x0000000083d00000|100%| O|  |TAMS 0x0000000083d00000, 0x0000000083c00000| Untracked 
|   7|0x0000000083d00000, 0x0000000083e00000, 0x0000000083e00000|100%|HS|  |TAMS 0x0000000083e00000, 0x0000000083d00000| Complete 
|   8|0x0000000083e00000, 0x0000000083f00000, 0x0000000083f00000|100%|HC|  |TAMS 0x0000000083f00000, 0x0000000083e00000| Complete 
|   9|0x0000000083f00000, 0x0000000084000000, 0x0000000084000000|100%|HC|  |TAMS 0x0000000084000000, 0x0000000083f00000| Complete 
|  10|0x0000000084000000, 0x0000000084100000, 0x0000000084100000|100%|HC|  |TAMS 0x0000000084100000, 0x0000000084000000| Complete 
|  11|0x0000000084100000, 0x0000000084200000, 0x0000000084200000|100%| O|  |TAMS 0x0000000084100000, 0x0000000084100000| Untracked 
|  12|0x0000000084200000, 0x0000000084300000, 0x0000000084300000|100%| O|  |TAMS 0x0000000084200000, 0x0000000084200000| Untracked 
|  13|0x0000000084300000, 0x0000000084400000, 0x0000000084400000|100%| O|  |TAMS 0x0000000084400000, 0x0000000084300000| Untracked 
|  14|0x0000000084400000, 0x0000000084500000, 0x0000000084500000|100%| O|  |TAMS 0x0000000084500000, 0x0000000084400000| Untracked 
|  15|0x0000000084500000, 0x0000000084600000, 0x0000000084600000|100%| O|  |TAMS 0x0000000084534a00, 0x0000000084500000| Untracked 
|  16|0x0000000084600000, 0x0000000084700000, 0x0000000084700000|100%| O|  |TAMS 0x0000000084600000, 0x0000000084600000| Untracked 
|  17|0x0000000084700000, 0x0000000084800000, 0x0000000084800000|100%| O|  |TAMS 0x0000000084800000, 0x0000000084700000| Untracked 
|  18|0x0000000084800000, 0x0000000084900000, 0x0000000084900000|100%| O|  |TAMS 0x0000000084900000, 0x0000000084800000| Untracked 
|  19|0x0000000084900000, 0x0000000084a00000, 0x0000000084a00000|100%| O|  |TAMS 0x0000000084a00000, 0x0000000084900000| Untracked 
|  20|0x0000000084a00000, 0x0000000084b00000, 0x0000000084b00000|100%| O|  |TAMS 0x0000000084b00000, 0x0000000084a00000| Untracked 
|  21|0x0000000084b00000, 0x0000000084c00000, 0x0000000084c00000|100%| O|  |TAMS 0x0000000084c00000, 0x0000000084b00000| Untracked 
|  22|0x0000000084c00000, 0x0000000084d00000, 0x0000000084d00000|100%| O|  |TAMS 0x0000000084d00000, 0x0000000084c00000| Untracked 
|  23|0x0000000084d00000, 0x0000000084e00000, 0x0000000084e00000|100%| O|  |TAMS 0x0000000084d00000, 0x0000000084d00000| Untracked 
|  24|0x0000000084e00000, 0x0000000084f00000, 0x0000000084f00000|100%| O|  |TAMS 0x0000000084e00000, 0x0000000084e00000| Untracked 
|  25|0x0000000084f00000, 0x0000000085000000, 0x0000000085000000|100%| O|  |TAMS 0x0000000084f00000, 0x0000000084f00000| Untracked 
|  26|0x0000000085000000, 0x0000000085100000, 0x0000000085100000|100%|HS|  |TAMS 0x0000000085000000, 0x0000000085000000| Complete 
|  27|0x0000000085100000, 0x0000000085200000, 0x0000000085200000|100%|HC|  |TAMS 0x0000000085100000, 0x0000000085100000| Complete 
|  28|0x0000000085200000, 0x0000000085300000, 0x0000000085300000|100%| O|  |TAMS 0x0000000085200000, 0x0000000085200000| Untracked 
|  29|0x0000000085300000, 0x0000000085400000, 0x0000000085400000|100%| O|  |TAMS 0x0000000085300000, 0x0000000085300000| Untracked 
|  30|0x0000000085400000, 0x0000000085500000, 0x0000000085500000|100%| O|  |TAMS 0x0000000085400000, 0x0000000085400000| Untracked 
|  31|0x0000000085500000, 0x0000000085600000, 0x0000000085600000|100%| O|  |TAMS 0x0000000085500000, 0x0000000085500000| Untracked 
|  32|0x0000000085600000, 0x0000000085700000, 0x0000000085700000|100%| O|  |TAMS 0x0000000085600000, 0x0000000085600000| Untracked 
|  33|0x0000000085700000, 0x0000000085800000, 0x0000000085800000|100%| O|  |TAMS 0x0000000085700000, 0x0000000085700000| Untracked 
|  34|0x0000000085800000, 0x0000000085900000, 0x0000000085900000|100%| O|  |TAMS 0x0000000085800000, 0x0000000085800000| Untracked 
|  35|0x0000000085900000, 0x0000000085a00000, 0x0000000085a00000|100%| O|  |TAMS 0x0000000085900000, 0x0000000085900000| Untracked 
|  36|0x0000000085a00000, 0x0000000085b00000, 0x0000000085b00000|100%| O|  |TAMS 0x0000000085a00000, 0x0000000085a00000| Untracked 
|  37|0x0000000085b00000, 0x0000000085b8ac00, 0x0000000085c00000| 54%| O|  |TAMS 0x0000000085b00000, 0x0000000085b00000| Untracked 
|  38|0x0000000085c00000, 0x0000000085c00000, 0x0000000085d00000|  0%| F|  |TAMS 0x0000000085c00000, 0x0000000085c00000| Untracked 
|  39|0x0000000085d00000, 0x0000000085d00000, 0x0000000085e00000|  0%| F|  |TAMS 0x0000000085d00000, 0x0000000085d00000| Untracked 
|  40|0x0000000085e00000, 0x0000000085e00000, 0x0000000085f00000|  0%| F|  |TAMS 0x0000000085e00000, 0x0000000085e00000| Untracked 
|  41|0x0000000085f00000, 0x0000000085f00000, 0x0000000086000000|  0%| F|  |TAMS 0x0000000085f00000, 0x0000000085f00000| Untracked 
|  42|0x0000000086000000, 0x0000000086000000, 0x0000000086100000|  0%| F|  |TAMS 0x0000000086000000, 0x0000000086000000| Untracked 
|  43|0x0000000086100000, 0x0000000086100000, 0x0000000086200000|  0%| F|  |TAMS 0x0000000086100000, 0x0000000086100000| Untracked 
|  44|0x0000000086200000, 0x0000000086200000, 0x0000000086300000|  0%| F|  |TAMS 0x0000000086200000, 0x0000000086200000| Untracked 
|  45|0x0000000086300000, 0x0000000086300000, 0x0000000086400000|  0%| F|  |TAMS 0x0000000086300000, 0x0000000086300000| Untracked 
|  46|0x0000000086400000, 0x0000000086400000, 0x0000000086500000|  0%| F|  |TAMS 0x0000000086400000, 0x0000000086400000| Untracked 
|  47|0x0000000086500000, 0x0000000086500000, 0x0000000086600000|  0%| F|  |TAMS 0x0000000086500000, 0x0000000086500000| Untracked 
|  48|0x0000000086600000, 0x0000000086600000, 0x0000000086700000|  0%| F|  |TAMS 0x0000000086600000, 0x0000000086600000| Untracked 
|  49|0x0000000086700000, 0x0000000086800000, 0x0000000086800000|100%| S|CS|TAMS 0x0000000086700000, 0x0000000086700000| Complete 
|  50|0x0000000086800000, 0x0000000086900000, 0x0000000086900000|100%| S|CS|TAMS 0x0000000086800000, 0x0000000086800000| Complete 
|  51|0x0000000086900000, 0x0000000086900000, 0x0000000086a00000|  0%| F|  |TAMS 0x0000000086900000, 0x0000000086900000| Untracked 
|  52|0x0000000086a00000, 0x0000000086a00000, 0x0000000086b00000|  0%| F|  |TAMS 0x0000000086a00000, 0x0000000086a00000| Untracked 
|  53|0x0000000086b00000, 0x0000000086b00000, 0x0000000086c00000|  0%| F|  |TAMS 0x0000000086b00000, 0x0000000086b00000| Untracked 
|  54|0x0000000086c00000, 0x0000000086c00000, 0x0000000086d00000|  0%| F|  |TAMS 0x0000000086c00000, 0x0000000086c00000| Untracked 
|  55|0x0000000086d00000, 0x0000000086e00000, 0x0000000086e00000|100%| S|CS|TAMS 0x0000000086d00000, 0x0000000086d00000| Complete 
|  56|0x0000000086e00000, 0x0000000086f00000, 0x0000000086f00000|100%| S|CS|TAMS 0x0000000086e00000, 0x0000000086e00000| Complete 
|  57|0x0000000086f00000, 0x0000000086f00000, 0x0000000087000000|  0%| F|  |TAMS 0x0000000086f00000, 0x0000000086f00000| Untracked 
|  58|0x0000000087000000, 0x0000000087000000, 0x0000000087100000|  0%| F|  |TAMS 0x0000000087000000, 0x0000000087000000| Untracked 
|  59|0x0000000087100000, 0x0000000087100000, 0x0000000087200000|  0%| F|  |TAMS 0x0000000087100000, 0x0000000087100000| Untracked 
|  60|0x0000000087200000, 0x0000000087200000, 0x0000000087300000|  0%| F|  |TAMS 0x0000000087200000, 0x0000000087200000| Untracked 
|  61|0x0000000087300000, 0x0000000087300000, 0x0000000087400000|  0%| F|  |TAMS 0x0000000087300000, 0x0000000087300000| Untracked 
|  62|0x0000000087400000, 0x0000000087400000, 0x0000000087500000|  0%| F|  |TAMS 0x0000000087400000, 0x0000000087400000| Untracked 
|  63|0x0000000087500000, 0x0000000087500000, 0x0000000087600000|  0%| F|  |TAMS 0x0000000087500000, 0x0000000087500000| Untracked 
|  64|0x0000000087600000, 0x0000000087600000, 0x0000000087700000|  0%| F|  |TAMS 0x0000000087600000, 0x0000000087600000| Untracked 
|  65|0x0000000087700000, 0x0000000087700000, 0x0000000087800000|  0%| F|  |TAMS 0x0000000087700000, 0x0000000087700000| Untracked 
|  66|0x0000000087800000, 0x0000000087800000, 0x0000000087900000|  0%| F|  |TAMS 0x0000000087800000, 0x0000000087800000| Untracked 
|  67|0x0000000087900000, 0x0000000087900000, 0x0000000087a00000|  0%| F|  |TAMS 0x0000000087900000, 0x0000000087900000| Untracked 
|  68|0x0000000087a00000, 0x0000000087a00000, 0x0000000087b00000|  0%| F|  |TAMS 0x0000000087a00000, 0x0000000087a00000| Untracked 
|  69|0x0000000087b00000, 0x0000000087b00000, 0x0000000087c00000|  0%| F|  |TAMS 0x0000000087b00000, 0x0000000087b00000| Untracked 
|  70|0x0000000087c00000, 0x0000000087c00000, 0x0000000087d00000|  0%| F|  |TAMS 0x0000000087c00000, 0x0000000087c00000| Untracked 
|  71|0x0000000087d00000, 0x0000000087d00000, 0x0000000087e00000|  0%| F|  |TAMS 0x0000000087d00000, 0x0000000087d00000| Untracked 
|  72|0x0000000087e00000, 0x0000000087e00000, 0x0000000087f00000|  0%| F|  |TAMS 0x0000000087e00000, 0x0000000087e00000| Untracked 
|  73|0x0000000087f00000, 0x0000000087f00000, 0x0000000088000000|  0%| F|  |TAMS 0x0000000087f00000, 0x0000000087f00000| Untracked 
|  74|0x0000000088000000, 0x0000000088000000, 0x0000000088100000|  0%| F|  |TAMS 0x0000000088000000, 0x0000000088000000| Untracked 
|  75|0x0000000088100000, 0x0000000088100000, 0x0000000088200000|  0%| F|  |TAMS 0x0000000088100000, 0x0000000088100000| Untracked 
|  76|0x0000000088200000, 0x0000000088280800, 0x0000000088300000| 50%| E|  |TAMS 0x0000000088200000, 0x0000000088200000| Complete 
|  77|0x0000000088300000, 0x0000000088400000, 0x0000000088400000|100%| E|CS|TAMS 0x0000000088300000, 0x0000000088300000| Complete 
|  78|0x0000000088400000, 0x0000000088500000, 0x0000000088500000|100%| E|CS|TAMS 0x0000000088400000, 0x0000000088400000| Complete 
|  79|0x0000000088500000, 0x0000000088600000, 0x0000000088600000|100%| E|CS|TAMS 0x0000000088500000, 0x0000000088500000| Complete 
|  80|0x0000000088600000, 0x0000000088700000, 0x0000000088700000|100%| E|CS|TAMS 0x0000000088600000, 0x0000000088600000| Complete 
|  81|0x0000000088700000, 0x0000000088800000, 0x0000000088800000|100%| E|CS|TAMS 0x0000000088700000, 0x0000000088700000| Complete 
|  82|0x0000000088800000, 0x0000000088900000, 0x0000000088900000|100%| E|CS|TAMS 0x0000000088800000, 0x0000000088800000| Complete 
|  83|0x0000000088900000, 0x0000000088a00000, 0x0000000088a00000|100%| E|CS|TAMS 0x0000000088900000, 0x0000000088900000| Complete 
|  84|0x0000000088a00000, 0x0000000088b00000, 0x0000000088b00000|100%| E|CS|TAMS 0x0000000088a00000, 0x0000000088a00000| Complete 
|  85|0x0000000088b00000, 0x0000000088c00000, 0x0000000088c00000|100%| E|CS|TAMS 0x0000000088b00000, 0x0000000088b00000| Complete 
|  86|0x0000000088c00000, 0x0000000088d00000, 0x0000000088d00000|100%| E|CS|TAMS 0x0000000088c00000, 0x0000000088c00000| Complete 
|  87|0x0000000088d00000, 0x0000000088e00000, 0x0000000088e00000|100%| E|CS|TAMS 0x0000000088d00000, 0x0000000088d00000| Complete 
|  88|0x0000000088e00000, 0x0000000088f00000, 0x0000000088f00000|100%| E|CS|TAMS 0x0000000088e00000, 0x0000000088e00000| Complete 
|  89|0x0000000088f00000, 0x0000000089000000, 0x0000000089000000|100%| E|CS|TAMS 0x0000000088f00000, 0x0000000088f00000| Complete 
|  90|0x0000000089000000, 0x0000000089100000, 0x0000000089100000|100%| E|CS|TAMS 0x0000000089000000, 0x0000000089000000| Complete 
|  91|0x0000000089100000, 0x0000000089200000, 0x0000000089200000|100%| E|CS|TAMS 0x0000000089100000, 0x0000000089100000| Complete 
|  92|0x0000000089200000, 0x0000000089300000, 0x0000000089300000|100%| E|CS|TAMS 0x0000000089200000, 0x0000000089200000| Complete 
|  93|0x0000000089300000, 0x0000000089400000, 0x0000000089400000|100%| E|CS|TAMS 0x0000000089300000, 0x0000000089300000| Complete 
|  94|0x0000000089400000, 0x0000000089500000, 0x0000000089500000|100%| E|CS|TAMS 0x0000000089400000, 0x0000000089400000| Complete 
| 125|0x000000008b300000, 0x000000008b400000, 0x000000008b400000|100%| E|CS|TAMS 0x000000008b300000, 0x000000008b300000| Complete 

Card table byte_map: [0x000001dba74e0000,0x000001dba78d0000] _byte_map_base: 0x000001dba70c5000

Marking Bits (Prev, Next): (CMBitMap*) 0x000001db949552e0, (CMBitMap*) 0x000001db94955320
 Prev Bits: [0x000001dba7cc0000, 0x000001dba9be8000)
 Next Bits: [0x000001dba9bf0000, 0x000001dbabb18000)

Polling page: 0x000001db940c0000

Metaspace:

Usage:
  Non-class:     47.29 MB used.
      Class:      6.26 MB used.
       Both:     53.56 MB used.

Virtual space:
  Non-class space:       48.00 MB reserved,      47.44 MB ( 99%) committed,  6 nodes.
      Class space:        1.00 GB reserved,       6.38 MB ( <1%) committed,  1 nodes.
             Both:        1.05 GB reserved,      53.81 MB (  5%) committed. 

Chunk freelists:
   Non-Class:  320.00 KB
       Class:  1.58 MB
        Both:  1.89 MB

MaxMetaspaceSize: unlimited
CompressedClassSpaceSize: 1.00 GB
Initial GC threshold: 21.00 MB
Current GC threshold: 56.38 MB
CDS: off
MetaspaceReclaimPolicy: balanced
 - commit_granule_bytes: 65536.
 - commit_granule_words: 8192.
 - virtual_space_node_default_size: 1048576.
 - enlarge_chunks_in_place: 1.
 - new_chunks_are_fully_committed: 0.
 - uncommit_free_chunks: 1.
 - use_allocation_guard: 0.
 - handle_deallocations: 1.


Internal statistics:

num_allocs_failed_limit: 3.
num_arena_births: 234.
num_arena_deaths: 0.
num_vsnodes_births: 7.
num_vsnodes_deaths: 0.
num_space_committed: 859.
num_space_uncommitted: 0.
num_chunks_returned_to_freelist: 3.
num_chunks_taken_from_freelist: 1836.
num_chunk_merges: 3.
num_chunk_splits: 1484.
num_chunks_enlarged: 1306.
num_purges: 0.
num_inconsistent_stats: 0.

CodeHeap 'non-profiled nmethods': size=120000Kb used=2395Kb max_used=2767Kb free=117605Kb
 bounds [0x000001db9f890000, 0x000001db9fb50000, 0x000001dba6dc0000]
CodeHeap 'profiled nmethods': size=120000Kb used=11454Kb max_used=13358Kb free=108545Kb
 bounds [0x000001db97dc0000, 0x000001db98ad0000, 0x000001db9f2f0000]
CodeHeap 'non-nmethods': size=5760Kb used=1307Kb max_used=1350Kb free=4452Kb
 bounds [0x000001db9f2f0000, 0x000001db9f560000, 0x000001db9f890000]
 total_blobs=5615 nmethods=4999 adapters=526
 compilation: enabled
              stopped_count=0, restarted_count=0
 full_count=0

Compilation events (20 events):
Event: 3.633 Thread 0x000001dbaf0476d0 nmethod 5798 0x000001db98386110 code [0x000001db98386420, 0x000001db98387498]
Event: 3.633 Thread 0x000001dbaf0476d0 5800       3       org.jetbrains.kotlin.com.google.common.collect.AbstractMapBasedMultimap::wrapList (33 bytes)
Event: 3.633 Thread 0x000001dbaf0476d0 nmethod 5800 0x000001db97f78810 code [0x000001db97f789e0, 0x000001db97f78dd8]
Event: 3.633 Thread 0x000001dbaf0476d0 5801       1       org.jetbrains.kotlin.com.intellij.util.containers.EmptyIterator::hasNext (2 bytes)
Event: 3.633 Thread 0x000001dbaf0476d0 nmethod 5801 0x000001db9f9b7e90 code [0x000001db9f9b8020, 0x000001db9f9b80f8]
Event: 3.634 Thread 0x000001dbaf0476d0 5802       1       org.jetbrains.kotlin.com.google.common.collect.ImmutableEntry::getValue (5 bytes)
Event: 3.634 Thread 0x000001dbaf0476d0 nmethod 5802 0x000001db9f9b7b10 code [0x000001db9f9b7ca0, 0x000001db9f9b7d78]
Event: 3.634 Thread 0x000001dbaf0476d0 5799       3       java.lang.invoke.MethodHandles$Lookup::maybeBindCaller (72 bytes)
Event: 3.634 Thread 0x000001dbaf0476d0 nmethod 5799 0x000001db97dfbb10 code [0x000001db97dfbd40, 0x000001db97dfc608]
Event: 3.635 Thread 0x000001dbaf2b3050 nmethod 5728 0x000001db9faea590 code [0x000001db9faea760, 0x000001db9faeab38]
Event: 3.635 Thread 0x000001dbaf2b3050 5736       4       org.jetbrains.kotlin.com.intellij.openapi.application.ApplicationManager::getApplication (4 bytes)
Event: 3.635 Thread 0x000001dbaf2b3050 nmethod 5736 0x000001db9f9af490 code [0x000001db9f9af600, 0x000001db9f9af678]
Event: 3.635 Thread 0x000001dbaf0476d0 5803       3       org.jetbrains.kotlin.descriptors.impl.PropertyDescriptorImpl::getVisibility (14 bytes)
Event: 3.635 Thread 0x000001dbaf0476d0 nmethod 5803 0x000001db980a4110 code [0x000001db980a42c0, 0x000001db980a4448]
Event: 3.635 Thread 0x000001dbaf0476d0 5805       3       org.jetbrains.kotlin.com.intellij.psi.impl.source.tree.SharedImplUtil::countChildrenOfType (56 bytes)
Event: 3.636 Thread 0x000001dbaf0476d0 nmethod 5805 0x000001db981d2a10 code [0x000001db981d2c00, 0x000001db981d3238]
Event: 3.636 Thread 0x000001dbaf0476d0 5804       3       org.jetbrains.kotlin.psi.KtElementImplStub::getStubOrPsiChildrenAsList (31 bytes)
Event: 3.636 Thread 0x000001dbaf0476d0 nmethod 5804 0x000001db9840bc10 code [0x000001db9840be20, 0x000001db9840c5d8]
Event: 3.636 Thread 0x000001dbaf0476d0 5806       3       java.lang.invoke.InfoFromMemberName::getModifiers (8 bytes)
Event: 3.636 Thread 0x000001dbaf0476d0 nmethod 5806 0x000001db980b6990 code [0x000001db980b6b20, 0x000001db980b6c98]

GC Heap History (20 events):
Event: 1.058 GC heap before
{Heap before GC invocations=3 (full 0):
 garbage-first heap   total 40960K, used 32898K [0x0000000083600000, 0x0000000100000000)
  region size 1024K, 23 young (23552K), 4 survivors (4096K)
 Metaspace       used 27377K, committed 27584K, reserved 1073152K
  class space    used 3007K, committed 3072K, reserved 1048576K
}
Event: 1.064 GC heap after
{Heap after GC invocations=4 (full 0):
 garbage-first heap   total 40960K, used 16297K [0x0000000083600000, 0x0000000100000000)
  region size 1024K, 6 young (6144K), 6 survivors (6144K)
 Metaspace       used 27377K, committed 27584K, reserved 1073152K
  class space    used 3007K, committed 3072K, reserved 1048576K
}
Event: 1.078 GC heap before
{Heap before GC invocations=4 (full 0):
 garbage-first heap   total 40960K, used 17321K [0x0000000083600000, 0x0000000100000000)
  region size 1024K, 7 young (7168K), 6 survivors (6144K)
 Metaspace       used 27776K, committed 27968K, reserved 1081344K
  class space    used 3045K, committed 3136K, reserved 1048576K
}
Event: 1.083 GC heap after
{Heap after GC invocations=5 (full 0):
 garbage-first heap   total 40960K, used 17029K [0x0000000083600000, 0x0000000100000000)
  region size 1024K, 1 young (1024K), 1 survivors (1024K)
 Metaspace       used 27776K, committed 27968K, reserved 1081344K
  class space    used 3045K, committed 3136K, reserved 1048576K
}
Event: 1.268 GC heap before
{Heap before GC invocations=5 (full 0):
 garbage-first heap   total 40960K, used 31365K [0x0000000083600000, 0x0000000100000000)
  region size 1024K, 15 young (15360K), 1 survivors (1024K)
 Metaspace       used 31579K, committed 31808K, reserved 1081344K
  class space    used 3830K, committed 3904K, reserved 1048576K
}
Event: 1.271 GC heap after
{Heap after GC invocations=6 (full 0):
 garbage-first heap   total 40960K, used 18106K [0x0000000083600000, 0x0000000100000000)
  region size 1024K, 2 young (2048K), 2 survivors (2048K)
 Metaspace       used 31579K, committed 31808K, reserved 1081344K
  class space    used 3830K, committed 3904K, reserved 1048576K
}
Event: 1.357 GC heap before
{Heap before GC invocations=6 (full 0):
 garbage-first heap   total 40960K, used 32442K [0x0000000083600000, 0x0000000100000000)
  region size 1024K, 15 young (15360K), 2 survivors (2048K)
 Metaspace       used 31985K, committed 32256K, reserved 1081344K
  class space    used 3874K, committed 3968K, reserved 1048576K
}
Event: 1.366 GC heap after
{Heap after GC invocations=7 (full 0):
 garbage-first heap   total 40960K, used 23762K [0x0000000083600000, 0x0000000100000000)
  region size 1024K, 2 young (2048K), 2 survivors (2048K)
 Metaspace       used 31985K, committed 32256K, reserved 1081344K
  class space    used 3874K, committed 3968K, reserved 1048576K
}
Event: 1.474 GC heap before
{Heap before GC invocations=7 (full 0):
 garbage-first heap   total 40960K, used 30930K [0x0000000083600000, 0x0000000100000000)
  region size 1024K, 9 young (9216K), 2 survivors (2048K)
 Metaspace       used 34201K, committed 34432K, reserved 1081344K
  class space    used 4342K, committed 4416K, reserved 1048576K
}
Event: 1.478 GC heap after
{Heap after GC invocations=8 (full 0):
 garbage-first heap   total 81920K, used 24614K [0x0000000083600000, 0x0000000100000000)
  region size 1024K, 1 young (1024K), 1 survivors (1024K)
 Metaspace       used 34201K, committed 34432K, reserved 1081344K
  class space    used 4342K, committed 4416K, reserved 1048576K
}
Event: 1.824 GC heap before
{Heap before GC invocations=9 (full 0):
 garbage-first heap   total 81920K, used 58406K [0x0000000083600000, 0x0000000100000000)
  region size 1024K, 34 young (34816K), 1 survivors (1024K)
 Metaspace       used 40552K, committed 40832K, reserved 1089536K
  class space    used 5009K, committed 5120K, reserved 1048576K
}
Event: 1.830 GC heap after
{Heap after GC invocations=10 (full 0):
 garbage-first heap   total 81920K, used 26707K [0x0000000083600000, 0x0000000100000000)
  region size 1024K, 5 young (5120K), 5 survivors (5120K)
 Metaspace       used 40552K, committed 40832K, reserved 1089536K
  class space    used 5009K, committed 5120K, reserved 1048576K
}
Event: 2.276 GC heap before
{Heap before GC invocations=10 (full 0):
 garbage-first heap   total 81920K, used 59475K [0x0000000083600000, 0x0000000100000000)
  region size 1024K, 37 young (37888K), 5 survivors (5120K)
 Metaspace       used 48215K, committed 48448K, reserved 1097728K
  class space    used 5823K, committed 5952K, reserved 1048576K
}
Event: 2.285 GC heap after
{Heap after GC invocations=11 (full 0):
 garbage-first heap   total 81920K, used 29933K [0x0000000083600000, 0x0000000100000000)
  region size 1024K, 4 young (4096K), 4 survivors (4096K)
 Metaspace       used 48215K, committed 48448K, reserved 1097728K
  class space    used 5823K, committed 5952K, reserved 1048576K
}
Event: 2.572 GC heap before
{Heap before GC invocations=11 (full 0):
 garbage-first heap   total 81920K, used 63725K [0x0000000083600000, 0x0000000100000000)
  region size 1024K, 34 young (34816K), 4 survivors (4096K)
 Metaspace       used 50885K, committed 51136K, reserved 1097728K
  class space    used 6086K, committed 6208K, reserved 1048576K
}
Event: 2.579 GC heap after
{Heap after GC invocations=12 (full 0):
 garbage-first heap   total 81920K, used 36813K [0x0000000083600000, 0x0000000100000000)
  region size 1024K, 5 young (5120K), 5 survivors (5120K)
 Metaspace       used 50885K, committed 51136K, reserved 1097728K
  class space    used 6086K, committed 6208K, reserved 1048576K
}
Event: 2.815 GC heap before
{Heap before GC invocations=12 (full 0):
 garbage-first heap   total 81920K, used 61389K [0x0000000083600000, 0x0000000100000000)
  region size 1024K, 30 young (30720K), 5 survivors (5120K)
 Metaspace       used 52299K, committed 52544K, reserved 1097728K
  class space    used 6237K, committed 6336K, reserved 1048576K
}
Event: 2.824 GC heap after
{Heap after GC invocations=13 (full 0):
 garbage-first heap   total 81920K, used 38601K [0x0000000083600000, 0x0000000100000000)
  region size 1024K, 4 young (4096K), 4 survivors (4096K)
 Metaspace       used 52299K, committed 52544K, reserved 1097728K
  class space    used 6237K, committed 6336K, reserved 1048576K
}
Event: 3.372 GC heap before
{Heap before GC invocations=13 (full 0):
 garbage-first heap   total 81920K, used 62153K [0x0000000083600000, 0x0000000100000000)
  region size 1024K, 27 young (27648K), 4 survivors (4096K)
 Metaspace       used 54197K, committed 54464K, reserved 1097728K
  class space    used 6372K, committed 6528K, reserved 1048576K
}
Event: 3.384 GC heap after
{Heap after GC invocations=14 (full 0):
 garbage-first heap   total 98304K, used 42539K [0x0000000083600000, 0x0000000100000000)
  region size 1024K, 4 young (4096K), 4 survivors (4096K)
 Metaspace       used 54197K, committed 54464K, reserved 1097728K
  class space    used 6372K, committed 6528K, reserved 1048576K
}

Dll operation events (2 events):
Event: 0.006 Loaded shared library C:\Program Files\Android\Android Studio\jbr\bin\java.dll
Event: 0.684 Loaded shared library C:\Program Files\Android\Android Studio\jbr\bin\verify.dll

Deoptimization events (20 events):
Event: 3.552 Thread 0x000001db948fc4b0 Uncommon trap: trap_request=0xffffff45 fr.pc=0x000001db9fa6c58c relative=0x0000000000000aac
Event: 3.552 Thread 0x000001db948fc4b0 Uncommon trap: reason=unstable_if action=reinterpret pc=0x000001db9fa6c58c method=org.jetbrains.kotlin.metadata.ProtoBuf$Type.getSerializedSize()I @ 176 c2
Event: 3.552 Thread 0x000001db948fc4b0 DEOPT PACKING pc=0x000001db9fa6c58c sp=0x0000007ff0ffbd60
Event: 3.552 Thread 0x000001db948fc4b0 DEOPT UNPACKING pc=0x000001db9f34a1a3 sp=0x0000007ff0ffbd30 mode 2
Event: 3.552 Thread 0x000001db948fc4b0 Uncommon trap: trap_request=0xffffff45 fr.pc=0x000001db9fa8a8e0 relative=0x0000000000001e00
Event: 3.552 Thread 0x000001db948fc4b0 Uncommon trap: reason=unstable_if action=reinterpret pc=0x000001db9fa8a8e0 method=org.jetbrains.kotlin.metadata.ProtoBuf$Type.writeTo(Lorg/jetbrains/kotlin/protobuf/CodedOutputStream;)V @ 160 c2
Event: 3.552 Thread 0x000001db948fc4b0 DEOPT PACKING pc=0x000001db9fa8a8e0 sp=0x0000007ff0ffbd90
Event: 3.552 Thread 0x000001db948fc4b0 DEOPT UNPACKING pc=0x000001db9f34a1a3 sp=0x0000007ff0ffbd98 mode 2
Event: 3.559 Thread 0x000001db948fc4b0 Uncommon trap: trap_request=0xffffff45 fr.pc=0x000001db9f8df1cc relative=0x000000000000022c
Event: 3.559 Thread 0x000001db948fc4b0 Uncommon trap: reason=unstable_if action=reinterpret pc=0x000001db9f8df1cc method=java.util.HashMap.hash(Ljava/lang/Object;)I @ 1 c2
Event: 3.559 Thread 0x000001db948fc4b0 DEOPT PACKING pc=0x000001db9f8df1cc sp=0x0000007ff0ffd150
Event: 3.559 Thread 0x000001db948fc4b0 DEOPT UNPACKING pc=0x000001db9f34a1a3 sp=0x0000007ff0ffd048 mode 2
Event: 3.559 Thread 0x000001db948fc4b0 Uncommon trap: trap_request=0xffffff45 fr.pc=0x000001db9f8f1394 relative=0x0000000000000094
Event: 3.559 Thread 0x000001db948fc4b0 Uncommon trap: reason=unstable_if action=reinterpret pc=0x000001db9f8f1394 method=java.util.HashMap.hash(Ljava/lang/Object;)I @ 1 c2
Event: 3.559 Thread 0x000001db948fc4b0 DEOPT PACKING pc=0x000001db9f8f1394 sp=0x0000007ff0ffd0a0
Event: 3.559 Thread 0x000001db948fc4b0 DEOPT UNPACKING pc=0x000001db9f34a1a3 sp=0x0000007ff0ffd038 mode 2
Event: 3.587 Thread 0x000001db948fc4b0 DEOPT PACKING pc=0x000001db9850bda1 sp=0x0000007ff0ffc610
Event: 3.587 Thread 0x000001db948fc4b0 DEOPT UNPACKING pc=0x000001db9f34ace3 sp=0x0000007ff0ffbb18 mode 0
Event: 3.598 Thread 0x000001db948fc4b0 DEOPT PACKING pc=0x000001db984d1585 sp=0x0000007ff0ffc870
Event: 3.598 Thread 0x000001db948fc4b0 DEOPT UNPACKING pc=0x000001db9f34ace3 sp=0x0000007ff0ffbd00 mode 0

Classes unloaded (0 events):
No events

Classes redefined (0 events):
No events

Internal exceptions (20 events):
Event: 0.839 Thread 0x000001db948fc4b0 Exception <a 'java/lang/NoSuchMethodError'{0x00000000856830f0}: 'int java.lang.invoke.DirectMethodHandle$Holder.invokeStaticInit(java.lang.Object, java.lang.Object)'> (0x00000000856830f0) 
thrown [s\src\hotspot\share\interpreter\linkResolver.cpp, line 771]
Event: 0.849 Thread 0x000001db948fc4b0 Exception <a 'java/lang/NoSuchMethodError'{0x000000008555baf8}: 'void java.lang.invoke.DirectMethodHandle$Holder.invokeSpecial(java.lang.Object, java.lang.Object, java.lang.Object)'> (0x000000008555baf8) 
thrown [s\src\hotspot\share\interpreter\linkResolver.cpp, line 771]
Event: 1.020 Thread 0x000001db948fc4b0 Exception <a 'java/lang/NoSuchMethodError'{0x0000000084918e68}: 'void java.lang.invoke.DirectMethodHandle$Holder.invokeStatic(java.lang.Object, java.lang.Object, java.lang.Object, java.lang.Object)'> (0x0000000084918e68) 
thrown [s\src\hotspot\share\interpreter\linkResolver.cpp, line 771]
Event: 1.074 Thread 0x000001db948fc4b0 Exception <a 'java/lang/NoSuchMethodError'{0x000000008b3c3a10}: 'void java.lang.invoke.DirectMethodHandle$Holder.invokeStaticInit(java.lang.Object, java.lang.Object)'> (0x000000008b3c3a10) 
thrown [s\src\hotspot\share\interpreter\linkResolver.cpp, line 771]
Event: 1.139 Thread 0x000001db948fc4b0 Exception <a 'java/lang/NoSuchMethodError'{0x00000000858d6130}: 'void java.lang.invoke.DirectMethodHandle$Holder.invokeVirtual(java.lang.Object, java.lang.Object)'> (0x00000000858d6130) 
thrown [s\src\hotspot\share\interpreter\linkResolver.cpp, line 771]
Event: 1.144 Thread 0x000001db948fc4b0 Exception <a 'java/lang/NoSuchMethodError'{0x00000000857271e0}: 'int java.lang.invoke.DirectMethodHandle$Holder.invokeVirtual(java.lang.Object, java.lang.Object)'> (0x00000000857271e0) 
thrown [s\src\hotspot\share\interpreter\linkResolver.cpp, line 771]
Event: 1.155 Thread 0x000001db948fc4b0 Exception <a 'java/lang/NoSuchMethodError'{0x00000000857d5988}: 'java.lang.Object java.lang.invoke.Invokers$Holder.invokeExact_MT(java.lang.Object, java.lang.Object, java.lang.Object, java.lang.Object, java.lang.Object, java.lang.Object)'> (0x00000000857d5988) 
thrown [s\src\hotspot\share\interpreter\linkResolver.cpp, line 771]
Event: 1.590 Thread 0x000001db948fc4b0 Exception <a 'java/lang/NoSuchMethodError'{0x0000000087b1f878}: 'java.lang.Object java.lang.invoke.DirectMethodHandle$Holder.invokeVirtual(java.lang.Object, java.lang.Object, java.lang.Object)'> (0x0000000087b1f878) 
thrown [s\src\hotspot\share\interpreter\linkResolver.cpp, line 771]
Event: 2.036 Thread 0x000001db948fc4b0 Exception <a 'java/lang/NoSuchMethodError'{0x0000000087485ce0}: 'java.lang.Object java.lang.invoke.DirectMethodHandle$Holder.newInvokeSpecial(java.lang.Object, java.lang.Object, int)'> (0x0000000087485ce0) 
thrown [s\src\hotspot\share\interpreter\linkResolver.cpp, line 771]
Event: 2.059 Thread 0x000001db948fc4b0 Exception <a 'java/lang/NoSuchMethodError'{0x00000000873d44f0}: 'java.lang.Object java.lang.invoke.DirectMethodHandle$Holder.invokeInterface(java.lang.Object, java.lang.Object)'> (0x00000000873d44f0) 
thrown [s\src\hotspot\share\interpreter\linkResolver.cpp, line 771]
Event: 2.067 Thread 0x000001db948fc4b0 Implicit null exception at 0x000001db9f9f3950 to 0x000001db9f9f3a14
Event: 2.097 Thread 0x000001db948fc4b0 Implicit null exception at 0x000001db9f9f3dcc to 0x000001db9f9f3ea8
Event: 2.128 Thread 0x000001db948fc4b0 Exception <a 'java/lang/NoSuchMethodError'{0x00000000870b17d0}: 'java.lang.Object java.lang.invoke.DirectMethodHandle$Holder.newInvokeSpecial(java.lang.Object, java.lang.Object, java.lang.Object, int)'> (0x00000000870b17d0) 
thrown [s\src\hotspot\share\interpreter\linkResolver.cpp, line 771]
Event: 2.128 Thread 0x000001db948fc4b0 Exception <a 'java/lang/NoSuchMethodError'{0x00000000870b5e58}: 'java.lang.Object java.lang.invoke.DirectMethodHandle$Holder.invokeSpecial(java.lang.Object, java.lang.Object, java.lang.Object, java.lang.Object, int)'> (0x00000000870b5e58) 
thrown [s\src\hotspot\share\interpreter\linkResolver.cpp, line 771]
Event: 2.128 Thread 0x000001db948fc4b0 Exception <a 'java/lang/NoSuchMethodError'{0x00000000870b9cc8}: 'java.lang.Object java.lang.invoke.Invokers$Holder.linkToTargetMethod(java.lang.Object, java.lang.Object, int, java.lang.Object)'> (0x00000000870b9cc8) 
thrown [s\src\hotspot\share\interpreter\linkResolver.cpp, line 771]
Event: 2.989 Thread 0x000001db948fc4b0 Exception <a 'java/lang/NoSuchMethodError'{0x0000000087f829e0}: 'java.lang.Object java.lang.invoke.DirectMethodHandle$Holder.invokeStaticInit(java.lang.Object, java.lang.Object, java.lang.Object)'> (0x0000000087f829e0) 
thrown [s\src\hotspot\share\interpreter\linkResolver.cpp, line 771]
Event: 3.546 Thread 0x000001db948fc4b0 Exception <a 'java/lang/NoSuchMethodError'{0x0000000088b66490}: 'java.lang.Object java.lang.invoke.DirectMethodHandle$Holder.newInvokeSpecial(java.lang.Object, int, java.lang.Object)'> (0x0000000088b66490) 
thrown [s\src\hotspot\share\interpreter\linkResolver.cpp, line 771]
Event: 3.547 Thread 0x000001db948fc4b0 Exception <a 'java/lang/NoSuchMethodError'{0x0000000088b6c840}: 'int java.lang.invoke.DirectMethodHandle$Holder.invokeInterface(java.lang.Object, java.lang.Object)'> (0x0000000088b6c840) 
thrown [s\src\hotspot\share\interpreter\linkResolver.cpp, line 771]
Event: 3.559 Thread 0x000001db948fc4b0 Implicit null exception at 0x000001db9f8defea to 0x000001db9f8df1b0
Event: 3.559 Thread 0x000001db948fc4b0 Implicit null exception at 0x000001db9f8f130f to 0x000001db9f8f1385

VM Operations (20 events):
Event: 3.305 Executing VM operation: ICBufferFull
Event: 3.305 Executing VM operation: ICBufferFull done
Event: 3.370 Executing VM operation: ICBufferFull
Event: 3.370 Executing VM operation: ICBufferFull done
Event: 3.372 Executing VM operation: G1CollectForAllocation
Event: 3.384 Executing VM operation: G1CollectForAllocation done
Event: 3.443 Executing VM operation: ICBufferFull
Event: 3.443 Executing VM operation: ICBufferFull done
Event: 3.537 Executing VM operation: HandshakeAllThreads
Event: 3.537 Executing VM operation: HandshakeAllThreads done
Event: 3.538 Executing VM operation: ICBufferFull
Event: 3.538 Executing VM operation: ICBufferFull done
Event: 3.552 Executing VM operation: HandshakeAllThreads
Event: 3.552 Executing VM operation: HandshakeAllThreads done
Event: 3.559 Executing VM operation: HandshakeAllThreads
Event: 3.559 Executing VM operation: HandshakeAllThreads done
Event: 3.568 Executing VM operation: ICBufferFull
Event: 3.568 Executing VM operation: ICBufferFull done
Event: 3.570 Executing VM operation: HandshakeAllThreads
Event: 3.570 Executing VM operation: HandshakeAllThreads done

Events (20 events):
Event: 3.574 Thread 0x000001dbaf0480c0 flushing nmethod 0x000001db98723e90
Event: 3.574 Thread 0x000001dbaf0480c0 flushing nmethod 0x000001db9872b410
Event: 3.574 Thread 0x000001dbaf0480c0 flushing nmethod 0x000001db98736c90
Event: 3.574 Thread 0x000001dbaf0480c0 flushing nmethod 0x000001db9873be10
Event: 3.574 Thread 0x000001dbaf0480c0 flushing nmethod 0x000001db9874ca10
Event: 3.574 Thread 0x000001dbaf0480c0 flushing nmethod 0x000001db98759610
Event: 3.574 Thread 0x000001dbaf0480c0 flushing nmethod 0x000001db98764090
Event: 3.575 Thread 0x000001dbaf0480c0 flushing nmethod 0x000001db98795f10
Event: 3.575 Thread 0x000001dbaf0480c0 flushing nmethod 0x000001db98797e90
Event: 3.575 Thread 0x000001dbaf0480c0 flushing nmethod 0x000001db9879ae10
Event: 3.575 Thread 0x000001dbaf0480c0 flushing nmethod 0x000001db987b4190
Event: 3.575 Thread 0x000001dbaf0480c0 flushing nmethod 0x000001db987fc490
Event: 3.575 Thread 0x000001dbaf0480c0 flushing nmethod 0x000001db9880b990
Event: 3.575 Thread 0x000001dbaf0480c0 flushing nmethod 0x000001db9881bd10
Event: 3.575 Thread 0x000001dbaf0480c0 flushing nmethod 0x000001db98823910
Event: 3.575 Thread 0x000001dbaf0480c0 flushing nmethod 0x000001db98824f10
Event: 3.575 Thread 0x000001dbaf0480c0 flushing nmethod 0x000001db98846890
Event: 3.575 Thread 0x000001dbaf0480c0 flushing nmethod 0x000001db98850b10
Event: 3.575 Thread 0x000001dbaf0480c0 flushing nmethod 0x000001db988e4d10
Event: 3.576 Thread 0x000001dbaf0480c0 flushing nmethod 0x000001db98a35b10


Dynamic libraries:
0x00007ff737670000 - 0x00007ff73767a000 	C:\Program Files\Android\Android Studio\jbr\bin\java.exe
0x00007ff9a1430000 - 0x00007ff9a1647000 	C:\WINDOWS\SYSTEM32\ntdll.dll
0x00007ff99fb70000 - 0x00007ff99fc34000 	C:\WINDOWS\System32\KERNEL32.DLL
0x00007ff99e7a0000 - 0x00007ff99eb45000 	C:\WINDOWS\System32\KERNELBASE.dll
0x00007ff99f060000 - 0x00007ff99f171000 	C:\WINDOWS\System32\ucrtbase.dll
0x00007ff974210000 - 0x00007ff974227000 	C:\Program Files\Android\Android Studio\jbr\bin\jli.dll
0x00007ff99ac20000 - 0x00007ff99ac3b000 	C:\Program Files\Android\Android Studio\jbr\bin\VCRUNTIME140.dll
0x00007ff9a0a00000 - 0x00007ff9a0bae000 	C:\WINDOWS\System32\USER32.dll
0x00007ff99ed60000 - 0x00007ff99ed86000 	C:\WINDOWS\System32\win32u.dll
0x00007ff9a0850000 - 0x00007ff9a0879000 	C:\WINDOWS\System32\GDI32.dll
0x00007ff99ef40000 - 0x00007ff99f059000 	C:\WINDOWS\System32\gdi32full.dll
0x00007ff97b6e0000 - 0x00007ff97b973000 	C:\WINDOWS\WinSxS\amd64_microsoft.windows.common-controls_6595b64144ccf1df_6.0.22621.2506_none_270c5ae97388e100\COMCTL32.dll
0x00007ff99ecc0000 - 0x00007ff99ed5a000 	C:\WINDOWS\System32\msvcp_win.dll
0x00007ff9a0880000 - 0x00007ff9a0927000 	C:\WINDOWS\System32\msvcrt.dll
0x00007ff9a0fe0000 - 0x00007ff9a1011000 	C:\WINDOWS\System32\IMM32.DLL
0x00007ff9998b0000 - 0x00007ff9998bc000 	C:\Program Files\Android\Android Studio\jbr\bin\vcruntime140_1.dll
0x00007ff974010000 - 0x00007ff97409d000 	C:\Program Files\Android\Android Studio\jbr\bin\msvcp140.dll
0x00007ff8f2c30000 - 0x00007ff8f389e000 	C:\Program Files\Android\Android Studio\jbr\bin\server\jvm.dll
0x00007ff9a0940000 - 0x00007ff9a09f1000 	C:\WINDOWS\System32\ADVAPI32.dll
0x00007ff99f870000 - 0x00007ff99f916000 	C:\WINDOWS\System32\sechost.dll
0x00007ff9a0e70000 - 0x00007ff9a0f87000 	C:\WINDOWS\System32\RPCRT4.dll
0x00007ff95df00000 - 0x00007ff95df09000 	C:\WINDOWS\SYSTEM32\WSOCK32.dll
0x00007ff9a12e0000 - 0x00007ff9a1351000 	C:\WINDOWS\System32\WS2_32.dll
0x00007ff994c70000 - 0x00007ff994ca4000 	C:\WINDOWS\SYSTEM32\WINMM.dll
0x00007ff994350000 - 0x00007ff99435a000 	C:\WINDOWS\SYSTEM32\VERSION.dll
0x00007ff99d890000 - 0x00007ff99d8a8000 	C:\WINDOWS\SYSTEM32\kernel.appcore.dll
0x00007ff9943b0000 - 0x00007ff9943ba000 	C:\Program Files\Android\Android Studio\jbr\bin\jimage.dll
0x00007ff99bad0000 - 0x00007ff99bd03000 	C:\WINDOWS\SYSTEM32\DBGHELP.DLL
0x00007ff9a04c0000 - 0x00007ff9a0849000 	C:\WINDOWS\System32\combase.dll
0x00007ff9a0c10000 - 0x00007ff9a0ce7000 	C:\WINDOWS\System32\OLEAUT32.dll
0x00007ff96f2e0000 - 0x00007ff96f312000 	C:\WINDOWS\SYSTEM32\dbgcore.DLL
0x00007ff99ee00000 - 0x00007ff99ee7a000 	C:\WINDOWS\System32\bcryptPrimitives.dll
0x00007ff9745c0000 - 0x00007ff9745e5000 	C:\Program Files\Android\Android Studio\jbr\bin\java.dll
0x00007ff97b9a0000 - 0x00007ff97b9b8000 	C:\Program Files\Android\Android Studio\jbr\bin\zip.dll
0x00007ff99fc60000 - 0x00007ff9a04b9000 	C:\WINDOWS\System32\SHELL32.dll
0x00007ff99c6d0000 - 0x00007ff99cfc4000 	C:\WINDOWS\SYSTEM32\windows.storage.dll
0x00007ff99c590000 - 0x00007ff99c6ce000 	C:\WINDOWS\SYSTEM32\wintypes.dll
0x00007ff9a0d00000 - 0x00007ff9a0df3000 	C:\WINDOWS\System32\SHCORE.dll
0x00007ff9a1020000 - 0x00007ff9a107e000 	C:\WINDOWS\System32\shlwapi.dll
0x00007ff99e6d0000 - 0x00007ff99e6f6000 	C:\WINDOWS\SYSTEM32\profapi.dll
0x00007ff974520000 - 0x00007ff974539000 	C:\Program Files\Android\Android Studio\jbr\bin\net.dll
0x00007ff998000000 - 0x00007ff998137000 	C:\WINDOWS\SYSTEM32\WINHTTP.dll
0x00007ff99dd10000 - 0x00007ff99dd79000 	C:\WINDOWS\system32\mswsock.dll
0x00007ff9743d0000 - 0x00007ff9743e6000 	C:\Program Files\Android\Android Studio\jbr\bin\nio.dll
0x00007ff9942f0000 - 0x00007ff994300000 	C:\Program Files\Android\Android Studio\jbr\bin\verify.dll

dbghelp: loaded successfully - version: 4.0.5 - missing functions: none
symbol engine: initialized successfully - sym options: 0x614 - pdb path: .;C:\Program Files\Android\Android Studio\jbr\bin;C:\WINDOWS\SYSTEM32;C:\WINDOWS\WinSxS\amd64_microsoft.windows.common-controls_6595b64144ccf1df_6.0.22621.2506_none_270c5ae97388e100;C:\Program Files\Android\Android Studio\jbr\bin\server

VM Arguments:
java_command: org.jetbrains.kotlin.cli.jvm.K2JVMCompiler @C:\Users\smols\AndroidStudioProjects\CVApp\app\build\20231206_2075115712477616708.compiler.options
java_class_path (initial): C:\Users\smols\.gradle\caches\modules-2\files-2.1\org.jetbrains.kotlin\kotlin-compiler-embeddable\1.8.10\b0757fd774344d54ce93f5ad6c30ba1c1731c8ff\kotlin-compiler-embeddable-1.8.10.jar;C:\Users\smols\.gradle\caches\modules-2\files-2.1\org.jetbrains.kotlin\kotlin-stdlib\1.8.10\6d5560a229477df9406943d5feda5618e98eb64c\kotlin-stdlib-1.8.10.jar;C:\Users\smols\.gradle\caches\modules-2\files-2.1\org.jetbrains.kotlin\kotlin-script-runtime\1.8.10\b13ea9c7e46d589139e56086a878763290e20bd5\kotlin-script-runtime-1.8.10.jar;C:\Users\smols\.gradle\caches\modules-2\files-2.1\org.jetbrains.kotlin\kotlin-reflect\1.6.10\1cbe9c92c12a94eea200d23c2bbaedaf3daf5132\kotlin-reflect-1.6.10.jar;C:\Users\smols\.gradle\caches\modules-2\files-2.1\org.jetbrains.kotlin\kotlin-daemon-embeddable\1.8.10\ad8541d9bc1cf9e52c3204161247910c2cf601d4\kotlin-daemon-embeddable-1.8.10.jar;C:\Users\smols\.gradle\caches\modules-2\files-2.1\org.jetbrains.intellij.deps\trove4j\1.0.20200330\3afb14d5f9ceb459d724e907a21145e8ff394f02\trove4j-1.0.20200330.jar;C:\Users\smols\.gradle\caches\modules-2\files-2.1\net.java.dev.jna\jna\5.6.0\330f2244e9030119ab3030fc3fededc86713d9cc\jna-5.6.0.jar;C:\Users\smols\.gradle\caches\modules-2\files-2.1\org.jetbrains.kotlin\kotlin-stdlib-common\1.8.10\a61b182458550492c12aee66157d7b524a63a5ec\kotlin-stdlib-common-1.8.10.jar;C:\Users\smols\.gradle\caches\modules-2\files-2.1\org.jetbrains\annotations\13.0\919f0dfe192fb4e063e7dacadee7f8bb9a2672a9\annotations-13.0.jar
Launcher Type: SUN_STANDARD

[Global flags]
     intx CICompilerCount                          = 4                                         {product} {ergonomic}
     uint ConcGCThreads                            = 2                                         {product} {ergonomic}
     uint G1ConcRefinementThreads                  = 8                                         {product} {ergonomic}
   size_t G1HeapRegionSize                         = 1048576                                   {product} {ergonomic}
    uintx GCDrainStackTargetSize                   = 64                                        {product} {ergonomic}
   size_t InitialHeapSize                          = 132120576                                 {product} {ergonomic}
   size_t MarkStackSize                            = 4194304                                   {product} {ergonomic}
   size_t MaxHeapSize                              = 2090860544                                {product} {ergonomic}
   size_t MaxNewSize                               = 1254096896                                {product} {ergonomic}
   size_t MinHeapDeltaBytes                        = 1048576                                   {product} {ergonomic}
   size_t MinHeapSize                              = 8388608                                   {product} {ergonomic}
    uintx NonNMethodCodeHeapSize                   = 5839372                                {pd product} {ergonomic}
    uintx NonProfiledCodeHeapSize                  = 122909434                              {pd product} {ergonomic}
    uintx ProfiledCodeHeapSize                     = 122909434                              {pd product} {ergonomic}
    uintx ReservedCodeCacheSize                    = 251658240                              {pd product} {ergonomic}
     bool SegmentedCodeCache                       = true                                      {product} {ergonomic}
   size_t SoftMaxHeapSize                          = 2090860544                             {manageable} {ergonomic}
     bool UseCompressedClassPointers               = true                           {product lp64_product} {ergonomic}
     bool UseCompressedOops                        = true                           {product lp64_product} {ergonomic}
     bool UseG1GC                                  = true                                      {product} {ergonomic}
     bool UseLargePagesIndividualAllocation        = false                                  {pd product} {ergonomic}

Logging:
Log output configuration:
 #0: stdout all=warning uptime,level,tags
 #1: stderr all=off uptime,level,tags

Environment Variables:
PATH=C:\Program Files (x86)\Common Files\Intel\Shared Libraries\redist\intel64\compiler;C:\Program Files\Microsoft\jdk-11.0.12.7-hotspot\bin;C:\Windows\system32;C:\Windows;C:\Windows\System32\Wbem;C:\Windows\System32\WindowsPowerShell\v1.0\;C:\Windows\System32\OpenSSH\;C:\Program Files (x86)\NVIDIA Corporation\PhysX\Common;C:\Program Files\Microsoft SQL Server\150\Tools\Binn\;C:\Program Files\Microsoft SQL Server\Client SDK\ODBC\170\Tools\Binn\;C:\Program Files\dotnet\;C:\Program Files\NVIDIA Corporation\NVIDIA NvDLISR;C:\WINDOWS\system32;C:\WINDOWS;C:\WINDOWS\System32\Wbem;C:\WINDOWS\System32\WindowsPowerShell\v1.0\;C:\WINDOWS\System32\OpenSSH\;C:\Program Files\nodejs\;C:\Users\smols\AppData\Local\Microsoft\WindowsApps;C:\Users\smols\.dotnet\tools;C:\Users\smols\AppData\Local\Programs\Microsoft VS Code\bin;C:\Users\smols\AppData\Roaming\npm
USERNAME=smols
OS=Windows_NT
PROCESSOR_IDENTIFIER=Intel64 Family 6 Model 140 Stepping 1, GenuineIntel
TMP=C:\Users\smols\AppData\Local\Temp
TEMP=C:\Users\smols\AppData\Local\Temp


JNI global refs:
JNI global refs: 10, weak refs: 13

JNI global refs memory usage: 843, weak refs: 841


---------------  S Y S T E M  ---------------

OS:
 Windows 11 , 64 bit Build 22621 (10.0.22621.2506)
OS uptime: 0 days 0:25 hours

CPU: total 8 (initial active 8) (4 cores per cpu, 2 threads per core) family 6 model 140 stepping 1 microcode 0x86, cx8, cmov, fxsr, ht, mmx, 3dnowpref, sse, sse2, sse3, ssse3, sse4.1, sse4.2, popcnt, lzcnt, tsc, tscinvbit, avx, avx2, aes, erms, clmul, bmi1, bmi2, adx, avx512f, avx512dq, avx512cd, avx512bw, avx512vl, sha, fma, vzeroupper, avx512_vpopcntdq, avx512_vpclmulqdq, avx512_vaes, avx512_vnni, clflush, clflushopt, clwb, avx512_vbmi2, avx512_vbmi

Memory: 4k page, system-wide physical 7975M (414M free)
TotalPageFile size 12071M (AvailPageFile size 5M)
current process WorkingSet (physical memory assigned to process): 243M, peak: 243M
current process commit charge ("private bytes"): 284M, peak: 285M

vm_info: OpenJDK 64-Bit Server VM (17.0.6+0-b2043.56-10027231) for windows-amd64 JRE (17.0.6+0-b2043.56-10027231), built on Apr 28 2023 00:43:19 by "androidbuild" with MS VC++ 16.10 / 16.11 (VS2019)

END.
